2021-10-21 20:07:28.028 INFO  (main) [   ] o.e.j.u.log Logging initialized @2175ms to org.eclipse.jetty.util.log.Slf4jLog
2021-10-21 20:07:28.145 WARN  (main) [   ] o.e.j.x.XmlConfiguration Ignored arg: <Arg name="threadpool">
    <New id="threadpool" class="com.codahale.metrics.jetty9.InstrumentedQueuedThreadPool"><Arg name="registry">
        <Call id="solrJettyMetricRegistry" name="getOrCreate" class="com.codahale.metrics.SharedMetricRegistries"><Arg>solr.jetty</Arg></Call>
      </Arg></New>
  </Arg>
2021-10-21 20:07:28.317 INFO  (main) [   ] o.e.j.s.Server jetty-9.4.27.v20200227; built: 2020-02-27T18:37:21.340Z; git: a304fd9f351f337e7c0e2a7c28878dd536149c6c; jvm 15.0.1+9-18
2021-10-21 20:07:28.356 INFO  (main) [   ] o.e.j.d.p.ScanningAppProvider Deployment monitor [file:///D:/Masters/Jobs/Internship/Companies/Chemovator/patent_search_engine/solr-8.7.0/server/contexts/] at interval 0
2021-10-21 20:07:29.202 INFO  (main) [   ] o.e.j.w.StandardDescriptorProcessor NO JSP Support for /solr, did not find org.apache.jasper.servlet.JspServlet
2021-10-21 20:07:29.218 INFO  (main) [   ] o.e.j.s.session DefaultSessionIdManager workerName=node0
2021-10-21 20:07:29.218 INFO  (main) [   ] o.e.j.s.session No SessionScavenger set, using defaults
2021-10-21 20:07:29.222 INFO  (main) [   ] o.e.j.s.session node0 Scavenging every 600000ms
2021-10-21 20:07:29.336 INFO  (main) [   ] o.a.s.s.SolrDispatchFilter Using logger factory org.apache.logging.slf4j.Log4jLoggerFactory
2021-10-21 20:07:29.346 INFO  (main) [   ] o.a.s.s.SolrDispatchFilter  ___      _       Welcome to Apache Solr™ version 8.7.0
2021-10-21 20:07:29.346 INFO  (main) [   ] o.a.s.s.SolrDispatchFilter / __| ___| |_ _   Starting in standalone mode on port 8983
2021-10-21 20:07:29.346 INFO  (main) [   ] o.a.s.s.SolrDispatchFilter \__ \/ _ \ | '_|  Install dir: D:\Masters\Jobs\Internship\Companies\Chemovator\patent_search_engine\solr-8.7.0
2021-10-21 20:07:29.347 INFO  (main) [   ] o.a.s.s.SolrDispatchFilter |___/\___/_|_|    Start time: 2021-10-21T20:07:29.347570600Z
2021-10-21 20:07:29.377 INFO  (main) [   ] o.a.s.c.SolrPaths Using system property solr.solr.home: D:\Masters\Jobs\Internship\Companies\Chemovator\patent_search_engine\solr-8.7.0\server\solr
2021-10-21 20:07:29.387 INFO  (main) [   ] o.a.s.c.SolrXmlConfig Loading container configuration from D:\Masters\Jobs\Internship\Companies\Chemovator\patent_search_engine\solr-8.7.0\server\solr\solr.xml
2021-10-21 20:07:29.510 INFO  (main) [   ] o.a.s.c.SolrXmlConfig MBean server found: com.sun.jmx.mbeanserver.JmxMBeanServer@eadd4fb, but no JMX reporters were configured - adding default JMX reporter.
2021-10-21 20:07:30.231 INFO  (main) [   ] o.a.s.h.c.HttpShardHandlerFactory Host whitelist initialized: WhitelistHostChecker [whitelistHosts=null, whitelistHostCheckingEnabled=true]
2021-10-21 20:07:30.543 WARN  (main) [   ] o.e.j.u.s.S.config Trusting all certificates configured for Client@7026b7ee[provider=null,keyStore=null,trustStore=null]
2021-10-21 20:07:30.544 WARN  (main) [   ] o.e.j.u.s.S.config No Client EndPointIdentificationAlgorithm configured for Client@7026b7ee[provider=null,keyStore=null,trustStore=null]
2021-10-21 20:07:30.769 WARN  (main) [   ] o.e.j.u.s.S.config Trusting all certificates configured for Client@45e1aa48[provider=null,keyStore=null,trustStore=null]
2021-10-21 20:07:30.769 WARN  (main) [   ] o.e.j.u.s.S.config No Client EndPointIdentificationAlgorithm configured for Client@45e1aa48[provider=null,keyStore=null,trustStore=null]
2021-10-21 20:07:30.834 WARN  (main) [   ] o.a.s.c.CoreContainer Not all security plugins configured!  authentication=disabled authorization=disabled.  Solr is only as secure as you make it. Consider configuring authentication/authorization before exposing Solr to users internal or external.  See https://s.apache.org/solrsecurity for more info
2021-10-21 20:07:31.032 INFO  (main) [   ] o.a.s.c.TransientSolrCoreCacheDefault Allocating transient cache for 2147483647 transient cores
2021-10-21 20:07:31.035 INFO  (main) [   ] o.a.s.h.a.MetricsHistoryHandler No .system collection, keeping metrics history in memory.
2021-10-21 20:07:31.160 INFO  (main) [   ] o.a.s.m.r.SolrJmxReporter JMX monitoring for 'solr.node' (registry 'solr.node') enabled at server: com.sun.jmx.mbeanserver.JmxMBeanServer@eadd4fb
2021-10-21 20:07:31.160 INFO  (main) [   ] o.a.s.m.r.SolrJmxReporter JMX monitoring for 'solr.jvm' (registry 'solr.jvm') enabled at server: com.sun.jmx.mbeanserver.JmxMBeanServer@eadd4fb
2021-10-21 20:07:31.170 INFO  (main) [   ] o.a.s.m.r.SolrJmxReporter JMX monitoring for 'solr.jetty' (registry 'solr.jetty') enabled at server: com.sun.jmx.mbeanserver.JmxMBeanServer@eadd4fb
2021-10-21 20:07:31.233 INFO  (main) [   ] o.a.s.c.CorePropertiesLocator Found 2 core definitions underneath D:\Masters\Jobs\Internship\Companies\Chemovator\patent_search_engine\solr-8.7.0\server\solr
2021-10-21 20:07:31.233 INFO  (main) [   ] o.a.s.c.CorePropertiesLocator Cores are: [films, patent_repo]
2021-10-21 20:07:31.316 INFO  (coreLoadExecutor-13-thread-1) [   x:films] o.a.s.c.SolrConfig Using Lucene MatchVersion: 8.7.0
2021-10-21 20:07:31.316 INFO  (coreLoadExecutor-13-thread-2) [   x:patent_repo] o.a.s.c.SolrConfig Using Lucene MatchVersion: 8.7.0
2021-10-21 20:07:31.619 INFO  (coreLoadExecutor-13-thread-2) [   x:patent_repo] o.a.s.s.IndexSchema Schema name=default-config
2021-10-21 20:07:31.625 INFO  (coreLoadExecutor-13-thread-1) [   x:films] o.a.s.s.IndexSchema Schema name=default-config
2021-10-21 20:07:32.095 INFO  (main) [   ] o.e.j.s.h.ContextHandler Started o.e.j.w.WebAppContext@61bcd567{/solr,file:///D:/Masters/Jobs/Internship/Companies/Chemovator/patent_search_engine/solr-8.7.0/server/solr-webapp/webapp/,AVAILABLE}{D:\Masters\Jobs\Internship\Companies\Chemovator\patent_search_engine\solr-8.7.0\server/solr-webapp/webapp}
2021-10-21 20:07:32.134 INFO  (main) [   ] o.e.j.s.AbstractConnector Started ServerConnector@57ea113a{HTTP/1.1, (http/1.1, h2c)}{0.0.0.0:8983}
2021-10-21 20:07:32.134 INFO  (main) [   ] o.e.j.s.Server Started @6284ms
2021-10-21 20:07:32.359 INFO  (qtp1499840045-25) [   ] o.a.s.s.HttpSolrCall [admin] webapp=null path=/admin/info/system params={wt=json} status=0 QTime=92
2021-10-21 20:07:32.587 INFO  (coreLoadExecutor-13-thread-2) [   x:patent_repo] o.a.s.s.IndexSchema Loaded schema default-config/1.6 with uniqueid field id
2021-10-21 20:07:32.587 INFO  (coreLoadExecutor-13-thread-1) [   x:films] o.a.s.s.IndexSchema Loaded schema default-config/1.6 with uniqueid field id
2021-10-21 20:07:32.794 INFO  (coreLoadExecutor-13-thread-1) [   x:films] o.a.s.c.CoreContainer Creating SolrCore 'films' using configuration from instancedir D:\Masters\Jobs\Internship\Companies\Chemovator\patent_search_engine\solr-8.7.0\server\solr\films, trusted=true
2021-10-21 20:07:32.794 INFO  (coreLoadExecutor-13-thread-2) [   x:patent_repo] o.a.s.c.CoreContainer Creating SolrCore 'patent_repo' using configuration from instancedir D:\Masters\Jobs\Internship\Companies\Chemovator\patent_search_engine\solr-8.7.0\server\solr\patent_repo, trusted=true
2021-10-21 20:07:32.811 INFO  (coreLoadExecutor-13-thread-1) [   x:films] o.a.s.m.r.SolrJmxReporter JMX monitoring for 'solr.core.films' (registry 'solr.core.films') enabled at server: com.sun.jmx.mbeanserver.JmxMBeanServer@eadd4fb
2021-10-21 20:07:32.811 INFO  (coreLoadExecutor-13-thread-2) [   x:patent_repo] o.a.s.m.r.SolrJmxReporter JMX monitoring for 'solr.core.patent_repo' (registry 'solr.core.patent_repo') enabled at server: com.sun.jmx.mbeanserver.JmxMBeanServer@eadd4fb
2021-10-21 20:07:32.833 INFO  (coreLoadExecutor-13-thread-2) [   x:patent_repo] o.a.s.c.SolrCore [[patent_repo] ] Opening new SolrCore at [D:\Masters\Jobs\Internship\Companies\Chemovator\patent_search_engine\solr-8.7.0\server\solr\patent_repo], dataDir=[D:\Masters\Jobs\Internship\Companies\Chemovator\patent_search_engine\solr-8.7.0\server\solr\patent_repo\data\]
2021-10-21 20:07:32.833 INFO  (coreLoadExecutor-13-thread-1) [   x:films] o.a.s.c.SolrCore [[films] ] Opening new SolrCore at [D:\Masters\Jobs\Internship\Companies\Chemovator\patent_search_engine\solr-8.7.0\server\solr\films], dataDir=[D:\Masters\Jobs\Internship\Companies\Chemovator\patent_search_engine\solr-8.7.0\server\solr\films\data\]
2021-10-21 20:07:33.770 INFO  (qtp1499840045-20) [   ] o.a.s.s.HttpSolrCall [admin] webapp=null path=/admin/cores params={indexInfo=false&wt=json&_=1634846797073} status=0 QTime=1
2021-10-21 20:07:33.846 INFO  (qtp1499840045-21) [   ] o.a.s.s.HttpSolrCall [admin] webapp=null path=/admin/info/system params={wt=json&_=1634846797074} status=0 QTime=75
2021-10-21 20:07:33.908 INFO  (qtp1499840045-26) [   ] o.a.s.s.HttpSolrCall [admin] webapp=null path=/admin/info/system params={wt=json&_=1634846797074} status=0 QTime=55
2021-10-21 20:07:34.141 INFO  (coreLoadExecutor-13-thread-2) [   x:patent_repo] o.a.s.u.UpdateHandler Using UpdateLog implementation: org.apache.solr.update.UpdateLog
2021-10-21 20:07:34.141 INFO  (coreLoadExecutor-13-thread-1) [   x:films] o.a.s.u.UpdateHandler Using UpdateLog implementation: org.apache.solr.update.UpdateLog
2021-10-21 20:07:34.141 INFO  (coreLoadExecutor-13-thread-2) [   x:patent_repo] o.a.s.u.UpdateLog Initializing UpdateLog: dataDir= defaultSyncLevel=FLUSH numRecordsToKeep=100 maxNumLogsToKeep=10 numVersionBuckets=65536
2021-10-21 20:07:34.141 INFO  (coreLoadExecutor-13-thread-1) [   x:films] o.a.s.u.UpdateLog Initializing UpdateLog: dataDir= defaultSyncLevel=FLUSH numRecordsToKeep=100 maxNumLogsToKeep=10 numVersionBuckets=65536
2021-10-21 20:07:34.177 INFO  (coreLoadExecutor-13-thread-1) [   x:films] o.a.s.u.CommitTracker Hard AutoCommit: if uncommitted for 15000ms; 
2021-10-21 20:07:34.178 INFO  (coreLoadExecutor-13-thread-1) [   x:films] o.a.s.u.CommitTracker Soft AutoCommit: disabled
2021-10-21 20:07:34.210 INFO  (coreLoadExecutor-13-thread-2) [   x:patent_repo] o.a.s.u.CommitTracker Hard AutoCommit: if uncommitted for 15000ms; 
2021-10-21 20:07:34.210 INFO  (coreLoadExecutor-13-thread-2) [   x:patent_repo] o.a.s.u.CommitTracker Soft AutoCommit: disabled
2021-10-21 20:07:34.476 INFO  (coreLoadExecutor-13-thread-1) [   x:films] o.a.s.r.ManagedResourceStorage File-based storage initialized to use dir: D:\Masters\Jobs\Internship\Companies\Chemovator\patent_search_engine\solr-8.7.0\server\solr\films\conf
2021-10-21 20:07:34.500 INFO  (coreLoadExecutor-13-thread-1) [   x:films] o.a.s.h.c.SpellCheckComponent Initializing spell checkers
2021-10-21 20:07:34.511 INFO  (coreLoadExecutor-13-thread-1) [   x:films] o.a.s.s.DirectSolrSpellChecker init: {name=default,field=_text_,classname=solr.DirectSolrSpellChecker,distanceMeasure=internal,accuracy=0.5,maxEdits=2,minPrefix=1,maxInspections=5,minQueryLength=4,maxQueryFrequency=0.01}
2021-10-21 20:07:34.536 INFO  (coreLoadExecutor-13-thread-1) [   x:films] o.a.s.h.ReplicationHandler Commits will be reserved for 10000 ms
2021-10-21 20:07:34.566 INFO  (searcherExecutor-16-thread-1-processing-x:films) [   x:films] o.a.s.c.QuerySenderListener QuerySenderListener done.
2021-10-21 20:07:34.568 INFO  (searcherExecutor-16-thread-1-processing-x:films) [   x:films] o.a.s.h.c.SpellCheckComponent Loading spell index for spellchecker: default
2021-10-21 20:07:34.594 INFO  (searcherExecutor-16-thread-1-processing-x:films) [   x:films] o.a.s.c.SolrCore [films]  Registered new searcher autowarm time: 0 ms
2021-10-21 20:07:34.647 INFO  (coreLoadExecutor-13-thread-2) [   x:patent_repo] o.a.s.r.ManagedResourceStorage File-based storage initialized to use dir: D:\Masters\Jobs\Internship\Companies\Chemovator\patent_search_engine\solr-8.7.0\server\solr\patent_repo\conf
2021-10-21 20:07:34.648 INFO  (coreLoadExecutor-13-thread-2) [   x:patent_repo] o.a.s.h.c.SpellCheckComponent Initializing spell checkers
2021-10-21 20:07:34.648 INFO  (coreLoadExecutor-13-thread-2) [   x:patent_repo] o.a.s.s.DirectSolrSpellChecker init: {name=default,field=_text_,classname=solr.DirectSolrSpellChecker,distanceMeasure=internal,accuracy=0.5,maxEdits=2,minPrefix=1,maxInspections=5,minQueryLength=4,maxQueryFrequency=0.01}
2021-10-21 20:07:34.649 INFO  (coreLoadExecutor-13-thread-2) [   x:patent_repo] o.a.s.h.ReplicationHandler Commits will be reserved for 10000 ms
2021-10-21 20:07:34.657 INFO  (searcherExecutor-17-thread-1-processing-x:patent_repo) [   x:patent_repo] o.a.s.c.QuerySenderListener QuerySenderListener done.
2021-10-21 20:07:34.657 INFO  (searcherExecutor-17-thread-1-processing-x:patent_repo) [   x:patent_repo] o.a.s.h.c.SpellCheckComponent Loading spell index for spellchecker: default
2021-10-21 20:07:34.663 INFO  (searcherExecutor-17-thread-1-processing-x:patent_repo) [   x:patent_repo] o.a.s.c.SolrCore [patent_repo]  Registered new searcher autowarm time: 0 ms
2021-10-21 20:07:35.219 INFO  (qtp1499840045-27) [   ] o.a.s.s.HttpSolrCall [admin] webapp=null path=/admin/cores params={indexInfo=false&wt=json&_=1634846797073} status=0 QTime=1
2021-10-21 20:07:35.242 INFO  (qtp1499840045-18) [   ] o.a.s.s.HttpSolrCall [admin] webapp=null path=/admin/cores params={wt=json&_=1634846797073} status=0 QTime=22
2021-10-21 20:07:35.284 INFO  (qtp1499840045-25) [   ] o.a.s.s.HttpSolrCall [admin] webapp=null path=/admin/info/system params={wt=json&_=1634846797074} status=0 QTime=64
2021-10-21 20:07:35.311 INFO  (qtp1499840045-23) [   ] o.a.s.s.HttpSolrCall [admin] webapp=null path=/admin/cores params={indexInfo=false&wt=json&_=1634846797073} status=0 QTime=0
2021-10-21 20:07:35.323 INFO  (qtp1499840045-26) [   ] o.a.s.s.HttpSolrCall [admin] webapp=null path=/admin/cores params={wt=json&_=1634846797073} status=0 QTime=12
2021-10-21 20:07:35.368 INFO  (qtp1499840045-19) [   ] o.a.s.s.HttpSolrCall [admin] webapp=null path=/admin/info/system params={wt=json&_=1634846797074} status=0 QTime=58
2021-10-21 20:07:37.799 INFO  (qtp1499840045-27) [   ] o.a.s.s.HttpSolrCall [admin] webapp=null path=/admin/cores params={indexInfo=false&wt=json&_=1634846797073} status=0 QTime=1
2021-10-21 20:07:37.806 INFO  (qtp1499840045-23) [   x:patent_repo] o.a.s.c.S.Request [patent_repo]  webapp=/solr path=/admin/luke params={numTerms=0&show=index&wt=json&_=1634846797165} status=0 QTime=6
2021-10-21 20:07:37.820 INFO  (qtp1499840045-24) [   x:patent_repo] o.a.s.c.S.Request [patent_repo]  webapp=/solr path=/replication params={wt=json&command=details&_=1634846797165} status=0 QTime=11
2021-10-21 20:07:37.822 INFO  (qtp1499840045-21) [   x:patent_repo] o.a.s.c.S.Request [patent_repo]  webapp=/solr path=/admin/ping params={action=status&wt=json&_=1634846797074&ts=1634846797074} status=503 QTime=3
2021-10-21 20:07:37.917 INFO  (qtp1499840045-26) [   ] o.a.s.s.HttpSolrCall [admin] webapp=null path=/admin/info/system params={wt=json&_=1634846797074} status=0 QTime=117
2021-10-21 20:07:37.928 INFO  (qtp1499840045-19) [   x:patent_repo] o.a.s.c.S.Request [patent_repo]  webapp=/solr path=/admin/system params={wt=json&_=1634846797165} status=0 QTime=117
2021-10-21 20:10:04.885 INFO  (qtp1499840045-25) [   ] o.a.s.s.HttpSolrCall [admin] webapp=null path=/admin/cores params={indexInfo=false&wt=json&_=1634846797073} status=0 QTime=0
2021-10-21 20:10:04.897 INFO  (qtp1499840045-23) [   x:patent_repo] o.a.s.c.S.Request [patent_repo]  webapp=/solr path=/admin/luke params={show=schema&wt=json&_=1634846797165} status=0 QTime=11
2021-10-21 20:10:04.970 INFO  (qtp1499840045-27) [   ] o.a.s.s.HttpSolrCall [admin] webapp=null path=/admin/info/system params={wt=json&_=1634846797074} status=0 QTime=84
2021-10-21 20:10:31.656 INFO  (qtp1499840045-20) [   x:patent_repo] o.a.s.u.p.LogUpdateProcessorFactory [patent_repo]  webapp=/solr path=/update params={commitWithin=1000&overwrite=true&wt=json&_=1634846797165}{deleteByQuery=*:* (-1714261360934649856)} 0 196
2021-10-21 20:10:32.702 INFO  (searcherExecutor-17-thread-1-processing-x:patent_repo) [   x:patent_repo] o.a.s.c.QuerySenderListener QuerySenderListener done.
2021-10-21 20:10:32.739 INFO  (searcherExecutor-17-thread-1-processing-x:patent_repo) [   x:patent_repo] o.a.s.c.SolrCore [patent_repo]  Registered new searcher autowarm time: 3 ms
2021-10-21 20:10:32.925 INFO  (qtp1499840045-46) [   ] o.a.s.s.HttpSolrCall [admin] webapp=null path=/admin/cores params={indexInfo=false&wt=json&_=1634846797073} status=0 QTime=1
2021-10-21 20:10:32.944 INFO  (qtp1499840045-25) [   x:patent_repo] o.a.s.c.S.Request [patent_repo]  webapp=/solr path=/replication params={wt=json&command=details&_=1634846797165} status=0 QTime=7
2021-10-21 20:10:32.947 INFO  (qtp1499840045-27) [   x:patent_repo] o.a.s.c.S.Request [patent_repo]  webapp=/solr path=/admin/luke params={numTerms=0&show=index&wt=json&_=1634846797165} status=0 QTime=7
2021-10-21 20:10:32.956 INFO  (qtp1499840045-21) [   x:patent_repo] o.a.s.c.S.Request [patent_repo]  webapp=/solr path=/admin/ping params={action=status&wt=json&_=1634846797074&ts=1634846797074} status=503 QTime=0
2021-10-21 20:10:33.051 INFO  (qtp1499840045-23) [   ] o.a.s.s.HttpSolrCall [admin] webapp=null path=/admin/info/system params={wt=json&_=1634846797074} status=0 QTime=120
2021-10-21 20:10:33.059 INFO  (qtp1499840045-20) [   x:patent_repo] o.a.s.c.S.Request [patent_repo]  webapp=/solr path=/admin/system params={wt=json&_=1634846797165} status=0 QTime=113
2021-10-21 20:10:57.959 INFO  (qtp1499840045-46) [   ] o.a.s.s.HttpSolrCall [admin] webapp=null path=/admin/cores params={indexInfo=false&wt=json&_=1634846797073} status=0 QTime=0
2021-10-21 20:10:57.963 INFO  (qtp1499840045-21) [   x:films] o.a.s.c.S.Request [films]  webapp=/solr path=/admin/luke params={numTerms=0&show=index&wt=json&_=1634846797165} status=0 QTime=1
2021-10-21 20:10:57.969 INFO  (qtp1499840045-23) [   x:films] o.a.s.c.S.Request [films]  webapp=/solr path=/replication params={wt=json&command=details&_=1634846797165} status=0 QTime=3
2021-10-21 20:10:57.972 INFO  (qtp1499840045-24) [   x:films] o.a.s.c.S.Request [films]  webapp=/solr path=/admin/ping params={action=status&wt=json&_=1634846797074&ts=1634846797074} status=503 QTime=0
2021-10-21 20:10:58.081 INFO  (qtp1499840045-20) [   ] o.a.s.s.HttpSolrCall [admin] webapp=null path=/admin/info/system params={wt=json&_=1634846797074} status=0 QTime=122
2021-10-21 20:10:58.089 INFO  (qtp1499840045-25) [   x:films] o.a.s.c.S.Request [films]  webapp=/solr path=/admin/system params={wt=json&_=1634846797165} status=0 QTime=126
2021-10-21 20:11:04.050 INFO  (qtp1499840045-19) [   ] o.a.s.s.HttpSolrCall [admin] webapp=null path=/admin/cores params={indexInfo=false&wt=json&_=1634846797073} status=0 QTime=0
2021-10-21 20:11:04.053 INFO  (qtp1499840045-46) [   x:patent_repo] o.a.s.c.S.Request [patent_repo]  webapp=/solr path=/admin/luke params={numTerms=0&show=index&wt=json&_=1634846797165} status=0 QTime=1
2021-10-21 20:11:04.055 INFO  (qtp1499840045-21) [   x:patent_repo] o.a.s.c.S.Request [patent_repo]  webapp=/solr path=/replication params={wt=json&command=details&_=1634846797165} status=0 QTime=3
2021-10-21 20:11:04.061 INFO  (qtp1499840045-27) [   x:patent_repo] o.a.s.c.S.Request [patent_repo]  webapp=/solr path=/admin/ping params={action=status&wt=json&_=1634846797074&ts=1634846797074} status=503 QTime=0
2021-10-21 20:11:04.198 INFO  (qtp1499840045-20) [   ] o.a.s.s.HttpSolrCall [admin] webapp=null path=/admin/info/system params={wt=json&_=1634846797074} status=0 QTime=144
2021-10-21 20:11:04.203 INFO  (qtp1499840045-24) [   x:patent_repo] o.a.s.c.S.Request [patent_repo]  webapp=/solr path=/admin/system params={wt=json&_=1634846797165} status=0 QTime=142
2021-10-21 20:11:06.689 INFO  (qtp1499840045-21) [   ] o.a.s.s.HttpSolrCall [admin] webapp=null path=/admin/cores params={indexInfo=false&wt=json&_=1634846797073} status=0 QTime=0
2021-10-21 20:11:06.691 INFO  (qtp1499840045-46) [   x:films] o.a.s.c.S.Request [films]  webapp=/solr path=/admin/luke params={numTerms=0&show=index&wt=json&_=1634846797165} status=0 QTime=0
2021-10-21 20:11:06.696 INFO  (qtp1499840045-24) [   x:films] o.a.s.c.S.Request [films]  webapp=/solr path=/replication params={wt=json&command=details&_=1634846797165} status=0 QTime=5
2021-10-21 20:11:06.708 INFO  (qtp1499840045-20) [   x:films] o.a.s.c.S.Request [films]  webapp=/solr path=/admin/ping params={action=status&wt=json&_=1634846797074&ts=1634846797074} status=503 QTime=0
2021-10-21 20:11:06.824 INFO  (qtp1499840045-23) [   ] o.a.s.s.HttpSolrCall [admin] webapp=null path=/admin/info/system params={wt=json&_=1634846797074} status=0 QTime=134
2021-10-21 20:11:06.828 INFO  (qtp1499840045-25) [   x:films] o.a.s.c.S.Request [films]  webapp=/solr path=/admin/system params={wt=json&_=1634846797165} status=0 QTime=138
2021-10-21 20:11:10.446 INFO  (qtp1499840045-19) [   ] o.a.s.s.HttpSolrCall [admin] webapp=null path=/admin/cores params={indexInfo=false&wt=json&_=1634846797073} status=0 QTime=0
2021-10-21 20:11:10.504 INFO  (qtp1499840045-27) [   ] o.a.s.s.HttpSolrCall [admin] webapp=null path=/admin/info/system params={wt=json&_=1634846797074} status=0 QTime=58
2021-10-21 20:11:11.927 INFO  (qtp1499840045-23) [   x:films] o.a.s.c.S.Request [films]  webapp=/solr path=/select params={q=*:*&_=1634847070411} hits=5 status=0 QTime=27
2021-10-21 20:11:31.080 INFO  (qtp1499840045-46) [   ] o.a.s.s.HttpSolrCall [admin] webapp=null path=/admin/cores params={indexInfo=false&wt=json&_=1634846797073} status=0 QTime=0
2021-10-21 20:11:31.086 INFO  (qtp1499840045-21) [   x:patent_repo] o.a.s.c.S.Request [patent_repo]  webapp=/solr path=/admin/luke params={numTerms=0&show=index&wt=json&_=1634846797165} status=0 QTime=0
2021-10-21 20:11:31.090 INFO  (qtp1499840045-18) [   x:patent_repo] o.a.s.c.S.Request [patent_repo]  webapp=/solr path=/replication params={wt=json&command=details&_=1634846797165} status=0 QTime=3
2021-10-21 20:11:31.094 INFO  (qtp1499840045-25) [   x:patent_repo] o.a.s.c.S.Request [patent_repo]  webapp=/solr path=/admin/ping params={action=status&wt=json&_=1634846797074&ts=1634846797074} status=503 QTime=0
2021-10-21 20:11:31.184 INFO  (qtp1499840045-24) [   ] o.a.s.s.HttpSolrCall [admin] webapp=null path=/admin/info/system params={wt=json&_=1634846797074} status=0 QTime=104
2021-10-21 20:11:31.197 INFO  (qtp1499840045-23) [   x:patent_repo] o.a.s.c.S.Request [patent_repo]  webapp=/solr path=/admin/system params={wt=json&_=1634846797165} status=0 QTime=102
2021-10-21 20:11:36.059 INFO  (qtp1499840045-23) [   ] o.a.s.s.HttpSolrCall [admin] webapp=null path=/admin/cores params={indexInfo=false&wt=json&_=1634847095925} status=0 QTime=1
2021-10-21 20:11:36.062 INFO  (qtp1499840045-46) [   x:patent_repo] o.a.s.c.S.Request [patent_repo]  webapp=/solr path=/admin/luke params={numTerms=0&show=index&wt=json&_=1634847096038} status=0 QTime=1
2021-10-21 20:11:36.067 INFO  (qtp1499840045-20) [   x:patent_repo] o.a.s.c.S.Request [patent_repo]  webapp=/solr path=/replication params={wt=json&command=details&_=1634847096039} status=0 QTime=3
2021-10-21 20:11:36.079 INFO  (qtp1499840045-20) [   x:patent_repo] o.a.s.c.S.Request [patent_repo]  webapp=/solr path=/admin/ping params={action=status&wt=json&_=1634847095926&ts=1634847095926} status=503 QTime=1
2021-10-21 20:11:36.197 INFO  (qtp1499840045-21) [   ] o.a.s.s.HttpSolrCall [admin] webapp=null path=/admin/info/system params={wt=json&_=1634847095926} status=0 QTime=137
2021-10-21 20:11:36.207 INFO  (qtp1499840045-23) [   x:patent_repo] o.a.s.c.S.Request [patent_repo]  webapp=/solr path=/admin/system params={wt=json&_=1634847096038} status=0 QTime=135
